<?xml version="1.0" encoding="UTF-8"?>
<!-- Generated by org.testng.reporters.JUnitXMLReporter -->
<testsuite ignored="3" hostname="DESKTOP-KBHQRAU" failures="0" tests="3" name="Test" time="0.128" errors="0" timestamp="2022-09-25T00:43:35 IST">
  <testcase classname="testngtest.CardTest" name="CCTest" time="0.01"/>
  <testcase classname="testngtest.LoanTest" name="HomeLoanTest" time="0.003"/>
  <testcase classname="testngtest.LoanTest" name="PersonlLoanTest1" time="0.002"/>
  <testcase classname="testngtest.BaseClass" name="@BeforeTest method3" time="0.0">
    <ignored/>
  </testcase> <!-- @BeforeTest method3 -->
  <testcase classname="testngtest.BaseClass" name="@AfterTest method4" time="0.0">
    <ignored/>
  </testcase> <!-- @AfterTest method4 -->
  <testcase classname="testngtest.LoanTest" name="PersonlLoanTest" time="0.0">
    <ignored/>
  </testcase> <!-- PersonlLoanTest -->
</testsuite> <!-- Test -->
