<?xml version="1.0" encoding="UTF-8"?>
<testng-results ignored="3" total="6" passed="3" failed="0" skipped="0">
  <reporter-output>
  </reporter-output>
  <suite started-at="2022-09-25T00:43:34 IST" name="Suite" finished-at="2022-09-25T00:43:35 IST" duration-ms="128">
    <groups>
      <group name="sanity">
        <method signature="CardTest.CCTest()[pri:0, instance:testngtest.CardTest@be35cd9]" name="CCTest" class="testngtest.CardTest"/>
        <method signature="LoanTest.HomeLoanTest()[pri:0, instance:testngtest.LoanTest@1613674b]" name="HomeLoanTest" class="testngtest.LoanTest"/>
        <method signature="LoanTest.PersonlLoanTest1()[pri:0, instance:testngtest.LoanTest@1613674b]" name="PersonlLoanTest1" class="testngtest.LoanTest"/>
      </group> <!-- sanity -->
    </groups>
    <test started-at="2022-09-25T00:43:34 IST" name="Test" finished-at="2022-09-25T00:43:35 IST" duration-ms="128">
      <class name="testngtest.LoanTest">
        <test-method signature="HomeLoanTest()[pri:0, instance:testngtest.LoanTest@1613674b]" started-at="2022-09-25T00:43:35 IST" name="HomeLoanTest" finished-at="2022-09-25T00:43:35 IST" duration-ms="3" status="PASS">
          <reporter-output>
          </reporter-output>
        </test-method> <!-- HomeLoanTest -->
        <test-method is-config="true" signature="method1()[pri:0, instance:testngtest.LoanTest@1613674b]" started-at="2022-09-25T00:43:35 IST" name="method1" finished-at="2022-09-25T00:43:35 IST" duration-ms="0" status="PASS">
          <reporter-output>
          </reporter-output>
        </test-method> <!-- method1 -->
        <test-method is-config="true" signature="method2()[pri:0, instance:testngtest.LoanTest@1613674b]" started-at="2022-09-25T00:43:35 IST" name="method2" finished-at="2022-09-25T00:43:35 IST" duration-ms="0" status="PASS">
          <reporter-output>
          </reporter-output>
        </test-method> <!-- method2 -->
        <test-method is-config="true" signature="method1()[pri:0, instance:testngtest.LoanTest@1613674b]" started-at="2022-09-25T00:43:35 IST" name="method1" finished-at="2022-09-25T00:43:35 IST" duration-ms="0" status="PASS">
          <reporter-output>
          </reporter-output>
        </test-method> <!-- method1 -->
        <test-method signature="PersonlLoanTest1()[pri:0, instance:testngtest.LoanTest@1613674b]" started-at="2022-09-25T00:43:35 IST" name="PersonlLoanTest1" finished-at="2022-09-25T00:43:35 IST" duration-ms="2" status="PASS">
          <reporter-output>
          </reporter-output>
        </test-method> <!-- PersonlLoanTest1 -->
        <test-method is-config="true" signature="method2()[pri:0, instance:testngtest.LoanTest@1613674b]" started-at="2022-09-25T00:43:35 IST" name="method2" finished-at="2022-09-25T00:43:35 IST" duration-ms="1" status="PASS">
          <reporter-output>
          </reporter-output>
        </test-method> <!-- method2 -->
      </class> <!-- testngtest.LoanTest -->
      <class name="testngtest.CardTest">
        <test-method is-config="true" signature="method3()[pri:0, instance:testngtest.CardTest@be35cd9]" started-at="2022-09-25T00:43:34 IST" name="method3" finished-at="2022-09-25T00:43:35 IST" duration-ms="18" status="PASS">
          <reporter-output>
          </reporter-output>
        </test-method> <!-- method3 -->
        <test-method is-config="true" signature="method1()[pri:0, instance:testngtest.CardTest@be35cd9]" started-at="2022-09-25T00:43:35 IST" name="method1" finished-at="2022-09-25T00:43:35 IST" duration-ms="1" status="PASS">
          <reporter-output>
          </reporter-output>
        </test-method> <!-- method1 -->
        <test-method signature="CCTest()[pri:0, instance:testngtest.CardTest@be35cd9]" started-at="2022-09-25T00:43:35 IST" name="CCTest" description="this test will validate the CC functionality " finished-at="2022-09-25T00:43:35 IST" duration-ms="10" status="PASS">
          <reporter-output>
          </reporter-output>
        </test-method> <!-- CCTest -->
        <test-method is-config="true" signature="method2()[pri:0, instance:testngtest.CardTest@be35cd9]" started-at="2022-09-25T00:43:35 IST" name="method2" finished-at="2022-09-25T00:43:35 IST" duration-ms="0" status="PASS">
          <reporter-output>
          </reporter-output>
        </test-method> <!-- method2 -->
        <test-method is-config="true" signature="method4()[pri:0, instance:testngtest.CardTest@be35cd9]" started-at="2022-09-25T00:43:35 IST" name="method4" finished-at="2022-09-25T00:43:35 IST" duration-ms="3" status="PASS">
          <reporter-output>
          </reporter-output>
        </test-method> <!-- method4 -->
      </class> <!-- testngtest.CardTest -->
    </test> <!-- Test -->
  </suite> <!-- Suite -->
</testng-results>
